<?xml version="1.0" encoding="UTF-8"?>
<!-- Generated by org.testng.reporters.JUnitReportReporter -->
<testsuite skipped="0" hostname="LAPTOP-SBEPK27H" name="week7.day1.LearnLeafTapsLogin" tests="1" failures="0" timestamp="2021-07-12T22:25:36 IST" time="16.344" errors="0">
  <testcase name="runloginProperties" time="16.344" classname="week7.day1.LearnLeafTapsLogin"/>
  <system-out/>
</testsuite> <!-- week7.day1.LearnLeafTapsLogin -->
