<?xml version="1.0" encoding="UTF-8"?>
<!-- Generated by org.testng.reporters.JUnitReportReporter -->
<testsuite skipped="0" hostname="LAPTOP-SBEPK27H" name="testng.Testcases1" tests="1" failures="0" timestamp="2021-06-07T19:45:01 IST" time="0.015" errors="0">
  <testcase name="Testcase" time="0.015" classname="testng.Testcases1"/>
  <system-out/>
</testsuite> <!-- testng.Testcases1 -->
