<?xml version="1.0" encoding="UTF-8"?>
<!-- Generated by org.testng.reporters.JUnitReportReporter -->
<testsuite skipped="0" hostname="LAPTOP-SBEPK27H" name="week7.day2.Leaftapslogin" tests="1" failures="0" timestamp="2021-07-05T13:28:54 IST" time="8.671" errors="0">
  <testcase name="executelogin" time="8.671" classname="week7.day2.Leaftapslogin"/>
  <system-out/>
</testsuite> <!-- week7.day2.Leaftapslogin -->
