<?xml version="1.0" encoding="UTF-8"?>
<!-- Generated by org.testng.reporters.JUnitReportReporter -->
<testsuite skipped="0" hostname="LAPTOP-SBEPK27H" name="runners.Runtest" tests="1" failures="0" timestamp="2021-07-01T00:02:53 IST" time="92.136" errors="0">
  <testcase name="runScenario" time="92.136" classname="runners.Runtest"/>
  <system-out/>
</testsuite> <!-- runners.Runtest -->
